2026-02-17 19:32:07:  Info: Starting PROVEtech:RE at 2026-02-17 19:32:07
2026-02-17 19:32:07:  Info: Start RE_InitOffline()...
2026-02-17 19:32:07:  Info: RE_InitOffline: RC_Init
2026-02-17 19:32:07:  Info: Firmware (Code: 0): Path added: C:\Program Files\National Instruments\NI-VCOM\Win64
2026-02-17 19:32:07:  Info: Firmware (Code: 0): Path added: C:\Program Files\National Instruments\NI-VCOM\Win64
2026-02-17 19:32:07:  Info: Firmware (Code: 0): Path added: C:\Program Files\National Instruments\NI-VCOM\Win64
2026-02-17 19:32:07:  Info: Firmware (Code: 0): Path added: C:\Program Files\National Instruments\NI-VCOM\Win64
2026-02-17 19:32:07:  Info: Firmware (Code: 0): Path added: C:\Program Files\National Instruments\NI-VCOM\Win64
2026-02-17 19:32:07:  Info: CAN_Sender (Code: 0): NWDescriptor is "VCOM_Example_CAN_FD.dbc"
2026-02-17 19:32:07:  Error: AutosarCfg (Code: 304): Error opening "C:\Users\Nick\Desktop\VCOM Config System Definition Utility\VeriStand Example Project\Example Project\VCOMConfiguration_Controller\VCOM_Example_CAN_FD.dbc"
2026-02-17 19:32:07:  Error: System (Code: 304): Cannot initialize player "NIXNetCAN"
2026-02-17 19:32:07:  Error: Core (Code: 304): Error in System configuration
2026-02-17 19:32:07:  Error: RC_Init (Code: 304): Cannot initialize runtime core
2026-02-17 19:32:07:  Warning: System (Code: 0):  Not started, hence cannot shutdown
2026-02-17 19:32:07:  Info: EventManager (Code: 0): Player "EventManager" shutdown
2026-02-17 19:32:07:  Info: Core (Code: 0): Core shutdown
2026-02-17 19:32:07:  Info: RC_Shutdown (Code: 0): Core shutdown
2026-02-17 19:32:07:  Info: CAN_Sender (Code: 0): Player "CAN_Sender" destroyed
2026-02-17 19:32:07:  Info: ESP_Rx (Code: 0): Player "ESP_Rx" destroyed
2026-02-17 19:32:07:  Info: ESP_Tx (Code: 0): Player "ESP_Tx" destroyed
2026-02-17 19:32:07:  Info: CAN_Sender_Rx (Code: 0): Player "CAN_Sender_Rx" destroyed
2026-02-17 19:32:07:  Info: CAN_Sender_Tx (Code: 0): Player "CAN_Sender_Tx" destroyed
2026-02-17 19:32:07:  Info: SysClock (Code: 0): Player "SysClock" destroyed
2026-02-17 19:32:07:  Info: Idle (Code: 0): Player "Idle" destroyed
2026-02-17 19:32:07:  Info: NIXNetCAN (Code: 0): Player "NIXNetCAN" destroyed
2026-02-17 19:32:07:  Info: System (Code: 0): Player "System" destroyed
2026-02-17 19:32:07:  Info: EventManager (Code: 0): Player "EventManager" destroyed
2026-02-17 19:32:07:  Info: Core (Code: 0): Core and players terminated
2026-02-17 19:32:07:  Info: RC_Terminate (Code: 0): Core terminated
2026-02-17 19:32:46:  Info: Starting PROVEtech:RE at 2026-02-17 19:32:46
2026-02-17 19:32:46:  Info: Start RE_InitOffline()...
2026-02-17 19:32:46:  Info: RE_InitOffline: RC_Init
2026-02-17 19:32:46:  Info: Firmware (Code: 0): Path added: C:\Program Files\National Instruments\NI-VCOM\Win64
2026-02-17 19:32:46:  Info: Firmware (Code: 0): Path added: C:\Program Files\National Instruments\NI-VCOM\Win64
2026-02-17 19:32:46:  Info: Firmware (Code: 0): Path added: C:\Program Files\National Instruments\NI-VCOM\Win64
2026-02-17 19:32:46:  Info: Firmware (Code: 0): Path added: C:\Program Files\National Instruments\NI-VCOM\Win64
2026-02-17 19:32:46:  Info: Firmware (Code: 0): Path added: C:\Program Files\National Instruments\NI-VCOM\Win64
2026-02-17 19:32:46:  Info: CAN_Sender (Code: 0): NWDescriptor is "VCOM_Example_CAN_FD.dbc"
2026-02-17 19:32:46:  Info: ESP (Code: 0): NWDescriptor is "VCOM_Example_CAN_FD.dbc"
2026-02-17 19:32:46:  Info: System (Code: 0): RC_CModelCom is not configured and PROVEtech:RE starts without communication to PROVEtech:TA
2026-02-17 19:32:46:  Info: Core (Code: 0): Core initialized
2026-02-17 19:32:46:  Info: RC_Init (Code: 0): Core initialized
2026-02-17 19:32:46:  Info: ESP_Tx (Code: 0): Player "ESP_Tx" started up
2026-02-17 19:32:46:  Info: CAN_Sender_Tx (Code: 0): Player "CAN_Sender_Tx" started up
2026-02-17 19:32:46:  Info: ESP_Rx (Code: 0): Player "ESP_Rx" started up
2026-02-17 19:32:46:  Info: CAN_Sender_Rx (Code: 0): Player "CAN_Sender_Rx" started up
2026-02-17 19:32:46:  Info: ESP (Code: 0): Player "ESP" started up
2026-02-17 19:32:46:  Info: CAN_Sender (Code: 0): Player "CAN_Sender" started up
2026-02-17 19:32:46:  Info: NIXNetCAN (Code: 0): Player "NIXNetCAN" started up
2026-02-17 19:32:46:  Info: System (Code: 0): Player "System" started up
2026-02-17 19:32:46:  Warning: SysClock (Code: 0): Not started, hence cannot shutdown
2026-02-17 19:32:46:  Warning: Idle (Code: 0):  Not started, hence cannot shutdown
2026-02-17 19:32:46:  Info: ESP (Code: 0): Player "ESP" shutdown
2026-02-17 19:32:46:  Info: CAN_Sender (Code: 0): Player "CAN_Sender" shutdown
2026-02-17 19:32:46:  Info: ESP_Rx (Code: 0): Player "ESP_Rx" shutdown
2026-02-17 19:32:46:  Info: ESP_Tx (Code: 0): Player "ESP_Tx" shutdown
2026-02-17 19:32:46:  Info: CAN_Sender_Rx (Code: 0): Player "CAN_Sender_Rx" shutdown
2026-02-17 19:32:46:  Info: CAN_Sender_Tx (Code: 0): Player "CAN_Sender_Tx" shutdown
2026-02-17 19:32:46:  Info: NIXNetCAN (Code: 0): Player "NIXNetCAN" shutdown
2026-02-17 19:32:46:  Info: System (Code: 0): Player "System" shutdown
2026-02-17 19:32:46:  Info: EventManager (Code: 0): Player "EventManager" shutdown
2026-02-17 19:32:46:  Info: Core (Code: 0): Core shutdown
2026-02-17 19:32:46:  Info: RC_Shutdown (Code: 0): Core shutdown
2026-02-17 19:32:46:  Info: ESP (Code: 0): Player "ESP" destroyed
2026-02-17 19:32:46:  Info: CAN_Sender (Code: 0): Player "CAN_Sender" destroyed
2026-02-17 19:32:46:  Info: ESP_Rx (Code: 0): Player "ESP_Rx" destroyed
2026-02-17 19:32:46:  Info: ESP_Tx (Code: 0): Player "ESP_Tx" destroyed
2026-02-17 19:32:46:  Info: CAN_Sender_Rx (Code: 0): Player "CAN_Sender_Rx" destroyed
2026-02-17 19:32:46:  Info: CAN_Sender_Tx (Code: 0): Player "CAN_Sender_Tx" destroyed
2026-02-17 19:32:46:  Info: SysClock (Code: 0): Player "SysClock" destroyed
2026-02-17 19:32:46:  Info: Idle (Code: 0): Player "Idle" destroyed
2026-02-17 19:32:46:  Info: NIXNetCAN (Code: 0): Player "NIXNetCAN" destroyed
2026-02-17 19:32:46:  Info: System (Code: 0): Player "System" destroyed
2026-02-17 19:32:46:  Info: EventManager (Code: 0): Player "EventManager" destroyed
2026-02-17 19:32:46:  Info: Core (Code: 0): Core and players terminated
2026-02-17 19:32:46:  Info: RC_Terminate (Code: 0): Core terminated
2026-02-17 19:32:46:  Error: Custom Device:  (Code: 0): 
2026-02-17 19:41:00:  Info: Starting PROVEtech:RE at 2026-02-17 19:41:00
2026-02-17 19:41:00:  Info: Start RE_InitOffline()...
2026-02-17 19:41:00:  Info: RE_InitOffline: RC_Init
2026-02-17 19:41:00:  Info: Firmware (Code: 0): Path added: C:\Program Files\National Instruments\NI-VCOM\Win64
2026-02-17 19:41:00:  Info: Firmware (Code: 0): Path added: C:\Program Files\National Instruments\NI-VCOM\Win64
2026-02-17 19:41:00:  Info: Firmware (Code: 0): Path added: C:\Program Files\National Instruments\NI-VCOM\Win64
2026-02-17 19:41:00:  Info: Firmware (Code: 0): Path added: C:\Program Files\National Instruments\NI-VCOM\Win64
2026-02-17 19:41:00:  Info: Firmware (Code: 0): Path added: C:\Program Files\National Instruments\NI-VCOM\Win64
2026-02-17 19:41:00:  Info: CAN_Sender (Code: 0): NWDescriptor is "VCOM_Example_CAN_FD.dbc"
2026-02-17 19:41:00:  Info: ESP (Code: 0): NWDescriptor is "VCOM_Example_CAN_FD.dbc"
2026-02-17 19:41:00:  Info: System (Code: 0): RC_CModelCom is not configured and PROVEtech:RE starts without communication to PROVEtech:TA
2026-02-17 19:41:00:  Info: Core (Code: 0): Core initialized
2026-02-17 19:41:00:  Info: RC_Init (Code: 0): Core initialized
2026-02-17 19:41:00:  Info: ESP_Tx (Code: 0): Player "ESP_Tx" started up
2026-02-17 19:41:00:  Info: CAN_Sender_Tx (Code: 0): Player "CAN_Sender_Tx" started up
2026-02-17 19:41:00:  Info: ESP_Rx (Code: 0): Player "ESP_Rx" started up
2026-02-17 19:41:00:  Info: CAN_Sender_Rx (Code: 0): Player "CAN_Sender_Rx" started up
2026-02-17 19:41:00:  Info: ESP (Code: 0): Player "ESP" started up
2026-02-17 19:41:00:  Info: CAN_Sender (Code: 0): Player "CAN_Sender" started up
2026-02-17 19:41:00:  Info: NIXNetCAN (Code: 0): Player "NIXNetCAN" started up
2026-02-17 19:41:00:  Info: System (Code: 0): Player "System" started up
2026-02-17 19:41:00:  Warning: SysClock (Code: 0): Not started, hence cannot shutdown
2026-02-17 19:41:00:  Warning: Idle (Code: 0):  Not started, hence cannot shutdown
2026-02-17 19:41:00:  Info: ESP (Code: 0): Player "ESP" shutdown
2026-02-17 19:41:00:  Info: CAN_Sender (Code: 0): Player "CAN_Sender" shutdown
2026-02-17 19:41:00:  Info: ESP_Rx (Code: 0): Player "ESP_Rx" shutdown
2026-02-17 19:41:00:  Info: ESP_Tx (Code: 0): Player "ESP_Tx" shutdown
2026-02-17 19:41:00:  Info: CAN_Sender_Rx (Code: 0): Player "CAN_Sender_Rx" shutdown
2026-02-17 19:41:00:  Info: CAN_Sender_Tx (Code: 0): Player "CAN_Sender_Tx" shutdown
2026-02-17 19:41:00:  Info: NIXNetCAN (Code: 0): Player "NIXNetCAN" shutdown
2026-02-17 19:41:00:  Info: System (Code: 0): Player "System" shutdown
2026-02-17 19:41:00:  Info: EventManager (Code: 0): Player "EventManager" shutdown
2026-02-17 19:41:00:  Info: Core (Code: 0): Core shutdown
2026-02-17 19:41:00:  Info: RC_Shutdown (Code: 0): Core shutdown
2026-02-17 19:41:00:  Info: ESP (Code: 0): Player "ESP" destroyed
2026-02-17 19:41:00:  Info: CAN_Sender (Code: 0): Player "CAN_Sender" destroyed
2026-02-17 19:41:00:  Info: ESP_Rx (Code: 0): Player "ESP_Rx" destroyed
2026-02-17 19:41:00:  Info: ESP_Tx (Code: 0): Player "ESP_Tx" destroyed
2026-02-17 19:41:00:  Info: CAN_Sender_Rx (Code: 0): Player "CAN_Sender_Rx" destroyed
2026-02-17 19:41:00:  Info: CAN_Sender_Tx (Code: 0): Player "CAN_Sender_Tx" destroyed
2026-02-17 19:41:00:  Info: SysClock (Code: 0): Player "SysClock" destroyed
2026-02-17 19:41:00:  Info: Idle (Code: 0): Player "Idle" destroyed
2026-02-17 19:41:00:  Info: NIXNetCAN (Code: 0): Player "NIXNetCAN" destroyed
2026-02-17 19:41:00:  Info: System (Code: 0): Player "System" destroyed
2026-02-17 19:41:00:  Info: EventManager (Code: 0): Player "EventManager" destroyed
2026-02-17 19:41:00:  Info: Core (Code: 0): Core and players terminated
2026-02-17 19:41:00:  Info: RC_Terminate (Code: 0): Core terminated
2026-02-17 19:41:00:  Error: Custom Device:  (Code: 0): 
